Using pre-set license
Built from '2020.3/staging' branch; Version is '2020.3.5f1 (8095aa901b9b) revision 8426922'; Using compiler version '192528614'; Build Type 'Release'
OS: 'Windows 10 Pro; OS build 19043.1165; Version 2009; 64bit' Language: 'en' Physical Memory: 32713 MB
BatchMode: 1, IsHumanControllingUs: 0, StartBugReporterOnCrash: 0, Is64bit: 1, IsPro: 0

 COMMAND LINE ARGUMENTS:
C:\Program Files\Unity\Hub\Editor\2020.3.5f1\Editor\Unity.exe
-adb2
-batchMode
-noUpm
-name
AssetImportWorker0
-projectPath
C:/Users/MichaelWork/Documents/Rogue/Programming-Theory-Repo/Programming Theory Project
-logFile
Logs/AssetImportWorker0.log
-srvPort
60707
Successfully changed project path to: C:/Users/MichaelWork/Documents/Rogue/Programming-Theory-Repo/Programming Theory Project
C:/Users/MichaelWork/Documents/Rogue/Programming-Theory-Repo/Programming Theory Project
Using Asset Import Pipeline V2.
Refreshing native plugins compatible for Editor in 19.28 ms, found 0 plugins.
Preloading 0 native plugins for Editor in 0.00 ms.
Initialize engine version: 2020.3.5f1 (8095aa901b9b)
[Subsystems] Discovering subsystems at path C:/Program Files/Unity/Hub/Editor/2020.3.5f1/Editor/Data/Resources/UnitySubsystems
[Subsystems] Discovering subsystems at path C:/Users/MichaelWork/Documents/Rogue/Programming-Theory-Repo/Programming Theory Project/Assets
GfxDevice: creating device client; threaded=0
Direct3D:
    Version:  Direct3D 11.0 [level 11.1]
    Renderer: Radeon RX 580 Series (ID=0x67df)
    Vendor:   
    VRAM:     8171 MB
    Driver:   27.20.22001.14011
Initialize mono
Mono path[0] = 'C:/Program Files/Unity/Hub/Editor/2020.3.5f1/Editor/Data/Managed'
Mono path[1] = 'C:/Program Files/Unity/Hub/Editor/2020.3.5f1/Editor/Data/MonoBleedingEdge/lib/mono/unityjit'
Mono config path = 'C:/Program Files/Unity/Hub/Editor/2020.3.5f1/Editor/Data/MonoBleedingEdge/etc'
Using monoOptions --debugger-agent=transport=dt_socket,embedding=1,server=y,suspend=n,address=127.0.0.1:56196
Begin MonoManager ReloadAssembly
Registering precompiled unity dll's ...
Register platform support module: C:/Program Files/Unity/Hub/Editor/2020.3.5f1/Editor/Data/PlaybackEngines/WebGLSupport/UnityEditor.WebGL.Extensions.dll
Register platform support module: C:/Program Files/Unity/Hub/Editor/2020.3.5f1/Editor/Data/PlaybackEngines/WindowsStandaloneSupport/UnityEditor.WindowsStandalone.Extensions.dll
Registered in 0.001795 seconds.
Native extension for WindowsStandalone target not found
Native extension for WebGL target not found
Refreshing native plugins compatible for Editor in 20.07 ms, found 0 plugins.
Preloading 0 native plugins for Editor in 0.00 ms.
Mono: successfully reloaded assembly
- Completed reload, in  1.447 seconds
Platform modules already initialized, skipping
Registering precompiled user dll's ...
Registered in 0.000477 seconds.
Begin MonoManager ReloadAssembly
Native extension for WindowsStandalone target not found
Native extension for WebGL target not found
Refreshing native plugins compatible for Editor in 0.28 ms, found 0 plugins.
Preloading 0 native plugins for Editor in 0.00 ms.
Mono: successfully reloaded assembly
- Completed reload, in  0.648 seconds
Platform modules already initialized, skipping
========================================================================
Worker process is ready to serve import requests
Launched and connected shader compiler UnityShaderCompiler.exe after 0.03 seconds
Refreshing native plugins compatible for Editor in 0.25 ms, found 0 plugins.
Preloading 0 native plugins for Editor in 0.00 ms.
Unloading 1136 Unused Serialized files (Serialized files now loaded: 0)
System memory in use before: 59.9 MB.
System memory in use after: 59.9 MB.

Unloading 10 unused Assets to reduce memory usage. Loaded Objects now: 1579.
Total: 1.686500 ms (FindLiveObjects: 0.173200 ms CreateObjectMapping: 0.040700 ms MarkObjects: 1.397600 ms  DeleteObjects: 0.074000 ms)

========================================================================
Received Import Request.
  path: Assets/VoxelAnimals/Assets/Prefabs/Flower.prefab
  artifactKey: Guid(2bc164917408ec6408959ca79846a6f8) Importer(815301076,1909f56bfc062723c751e8b465ee728b)
Start importing Assets/VoxelAnimals/Assets/Prefabs/Flower.prefab using Guid(2bc164917408ec6408959ca79846a6f8) Importer(815301076,1909f56bfc062723c751e8b465ee728b)  -> (artifact id: '23a79433dba955159eb908fe9652a596') in 0.083186 seconds
  Import took 0.085093 seconds .

========================================================================
Received Import Request.
  Time since last request: 0.000188 seconds.
  path: Assets/VoxelAnimals/Assets/Prefabs/Tree.prefab
  artifactKey: Guid(e67ca55bb1a0074498c6f1769b012ca6) Importer(815301076,1909f56bfc062723c751e8b465ee728b)
Start importing Assets/VoxelAnimals/Assets/Prefabs/Tree.prefab using Guid(e67ca55bb1a0074498c6f1769b012ca6) Importer(815301076,1909f56bfc062723c751e8b465ee728b)  -> (artifact id: 'ac0ab960628bcc9ce4044091542c883d') in 0.013189 seconds
  Import took 0.021109 seconds .

========================================================================
Received Import Request.
  Time since last request: 0.000155 seconds.
  path: Assets/VoxelAnimals/Assets/Prefabs/Chicken.prefab
  artifactKey: Guid(aa3784adb6428184e991be2d60ee0cb2) Importer(815301076,1909f56bfc062723c751e8b465ee728b)
Start importing Assets/VoxelAnimals/Assets/Prefabs/Chicken.prefab using Guid(aa3784adb6428184e991be2d60ee0cb2) Importer(815301076,1909f56bfc062723c751e8b465ee728b)  -> (artifact id: '452e8cc3b2378a532dcb267185f76809') in 0.013332 seconds
  Import took 0.015160 seconds .

========================================================================
Received Import Request.
  Time since last request: 0.000152 seconds.
  path: Assets/VoxelAnimals/Assets/Prefabs/Dog.prefab
  artifactKey: Guid(7451ef01e53127446b9d7406220542f6) Importer(815301076,1909f56bfc062723c751e8b465ee728b)
Start importing Assets/VoxelAnimals/Assets/Prefabs/Dog.prefab using Guid(7451ef01e53127446b9d7406220542f6) Importer(815301076,1909f56bfc062723c751e8b465ee728b)  -> (artifact id: '7a0fb2b59d790858ee5c8d64448d3cb2') in 0.012264 seconds
  Import took 0.014025 seconds .

========================================================================
Received Import Request.
  Time since last request: 0.000166 seconds.
  path: Assets/VoxelAnimals/Assets/Prefabs/Tree2.prefab
  artifactKey: Guid(9191e921815f6c946a6ec587468d5343) Importer(815301076,1909f56bfc062723c751e8b465ee728b)
Start importing Assets/VoxelAnimals/Assets/Prefabs/Tree2.prefab using Guid(9191e921815f6c946a6ec587468d5343) Importer(815301076,1909f56bfc062723c751e8b465ee728b)  -> (artifact id: '81648c7a4d93ce82a586c4a3b03541ca') in 0.010136 seconds
  Import took 0.011945 seconds .

========================================================================
Received Import Request.
  Time since last request: 0.000172 seconds.
  path: Assets/VoxelAnimals/Assets/Prefabs/Penguin.prefab
  artifactKey: Guid(2884e6b071e1c2a4faef2e7fd67b481e) Importer(815301076,1909f56bfc062723c751e8b465ee728b)
Start importing Assets/VoxelAnimals/Assets/Prefabs/Penguin.prefab using Guid(2884e6b071e1c2a4faef2e7fd67b481e) Importer(815301076,1909f56bfc062723c751e8b465ee728b)  -> (artifact id: '364e4c6595c4b3a9e4698447f9cd7197') in 0.012437 seconds
  Import took 0.014350 seconds .

========================================================================
Received Import Request.
  Time since last request: 0.000175 seconds.
  path: Assets/VoxelAnimals/Assets/Prefabs/Cat.prefab
  artifactKey: Guid(aa2d47f95b34fbe4d9cbe095f13585b5) Importer(815301076,1909f56bfc062723c751e8b465ee728b)
Start importing Assets/VoxelAnimals/Assets/Prefabs/Cat.prefab using Guid(aa2d47f95b34fbe4d9cbe095f13585b5) Importer(815301076,1909f56bfc062723c751e8b465ee728b)  -> (artifact id: '8f9ff8c5092b897ca2cbabd22bf1e8b3') in 0.013014 seconds
  Import took 0.014815 seconds .

========================================================================
Received Import Request.
  Time since last request: 0.000162 seconds.
  path: Assets/VoxelAnimals/Assets/Prefabs/Lion.prefab
  artifactKey: Guid(d2edcf95960b81249bf3f4a30ad1a908) Importer(815301076,1909f56bfc062723c751e8b465ee728b)
Start importing Assets/VoxelAnimals/Assets/Prefabs/Lion.prefab using Guid(d2edcf95960b81249bf3f4a30ad1a908) Importer(815301076,1909f56bfc062723c751e8b465ee728b)  -> (artifact id: '7c7145b8226c020709ada610499f6bd9') in 0.013149 seconds
  Import took 0.014996 seconds .

========================================================================
Received Import Request.
  Time since last request: 19.418921 seconds.
  path: Assets/Scripts/Dog.cs
  artifactKey: Guid(6ec677c34f79b29498725fbdec81b870) Importer(815301076,1909f56bfc062723c751e8b465ee728b)
Start importing Assets/Scripts/Dog.cs using Guid(6ec677c34f79b29498725fbdec81b870) Importer(815301076,1909f56bfc062723c751e8b465ee728b)  -> (artifact id: 'a68469398cd97756cb715e147d48af4b') in 0.003942 seconds
  Import took 0.005854 seconds .

========================================================================
Received Prepare
Refreshing native plugins compatible for Editor in 0.68 ms, found 0 plugins.
Preloading 0 native plugins for Editor in 0.00 ms.
Unloading 3 Unused Serialized files (Serialized files now loaded: 0)
System memory in use before: 41.0 MB.
System memory in use after: 41.0 MB.

Unloading 4 unused Assets to reduce memory usage. Loaded Objects now: 1586.
Total: 1.809400 ms (FindLiveObjects: 0.161800 ms CreateObjectMapping: 0.030400 ms MarkObjects: 1.568900 ms  DeleteObjects: 0.047400 ms)

========================================================================
Received Import Request.
  Time since last request: 16.000320 seconds.
  path: Assets/Scripts/Dog.cs
  artifactKey: Guid(6ec677c34f79b29498725fbdec81b870) Importer(815301076,1909f56bfc062723c751e8b465ee728b)
Start importing Assets/Scripts/Dog.cs using Guid(6ec677c34f79b29498725fbdec81b870) Importer(815301076,1909f56bfc062723c751e8b465ee728b)  -> (artifact id: '55a9fa4cc2e54b3e2bb07bbb0281d347') in 0.001630 seconds
  Import took 0.003190 seconds .

========================================================================
Received Prepare
Registering precompiled user dll's ...
Registered in 0.000532 seconds.
Begin MonoManager ReloadAssembly
Native extension for WindowsStandalone target not found
Native extension for WebGL target not found
Refreshing native plugins compatible for Editor in 0.26 ms, found 0 plugins.
Preloading 0 native plugins for Editor in 0.00 ms.
Mono: successfully reloaded assembly
- Completed reload, in  0.601 seconds
Platform modules already initialized, skipping
Refreshing native plugins compatible for Editor in 0.25 ms, found 0 plugins.
Preloading 0 native plugins for Editor in 0.00 ms.
Unloading 1118 Unused Serialized files (Serialized files now loaded: 0)
System memory in use before: 61.7 MB.
System memory in use after: 61.8 MB.

Unloading 5 unused Assets to reduce memory usage. Loaded Objects now: 1589.
Total: 1.758900 ms (FindLiveObjects: 0.138100 ms CreateObjectMapping: 0.030600 ms MarkObjects: 1.541400 ms  DeleteObjects: 0.047900 ms)

========================================================================
Received Import Request.
  Time since last request: 9.918805 seconds.
  path: Assets/VoxelAnimals/Assets/Prefabs/Dog.prefab
  artifactKey: Guid(7451ef01e53127446b9d7406220542f6) Importer(815301076,1909f56bfc062723c751e8b465ee728b)
Start importing Assets/VoxelAnimals/Assets/Prefabs/Dog.prefab using Guid(7451ef01e53127446b9d7406220542f6) Importer(815301076,1909f56bfc062723c751e8b465ee728b)  -> (artifact id: '75a221a55d05460a62aae703ce608ec8') in 0.046862 seconds
  Import took 0.049050 seconds .

========================================================================
Received Import Request.
  Time since last request: 10.092221 seconds.
  path: Assets/VoxelAnimals/Assets/Prefabs/Dog.prefab
  artifactKey: Guid(7451ef01e53127446b9d7406220542f6) Importer(815301076,1909f56bfc062723c751e8b465ee728b)
Start importing Assets/VoxelAnimals/Assets/Prefabs/Dog.prefab using Guid(7451ef01e53127446b9d7406220542f6) Importer(815301076,1909f56bfc062723c751e8b465ee728b)  -> (artifact id: '1cad0b14fd253786c78d03f677f282eb') in 0.013473 seconds
  Import took 0.015768 seconds .

========================================================================
Received Prepare
Registering precompiled user dll's ...
Registered in 0.000589 seconds.
Begin MonoManager ReloadAssembly
Native extension for WindowsStandalone target not found
Native extension for WebGL target not found
Refreshing native plugins compatible for Editor in 0.26 ms, found 0 plugins.
Preloading 0 native plugins for Editor in 0.00 ms.
Mono: successfully reloaded assembly
- Completed reload, in  0.598 seconds
Platform modules already initialized, skipping
Refreshing native plugins compatible for Editor in 0.20 ms, found 0 plugins.
Preloading 0 native plugins for Editor in 0.00 ms.
Unloading 1118 Unused Serialized files (Serialized files now loaded: 0)
System memory in use before: 61.8 MB.
System memory in use after: 61.9 MB.

Unloading 6 unused Assets to reduce memory usage. Loaded Objects now: 1593.
Total: 1.659900 ms (FindLiveObjects: 0.160500 ms CreateObjectMapping: 0.026600 ms MarkObjects: 1.409600 ms  DeleteObjects: 0.062200 ms)

AssetImportWorkerClient::OnTransportError - code=2 error=End of file
